Test doc for module 4-print_square
==================================

Importing module
----------------

	>>> print_square = __import__('4-print_square').print_square


Testing happy path
------------------

      	>>> print_square(5)
	#####
	#####
	#####
	#####
	#####
	

	>>> print_square(4 * 2)
	########
	########
	########
	########
	########
	########
	########
	########
	

Testing data validation
-----------------------

	>>> print_square(-10)
	Traceback (most recent call last):
	...
	ValueError: size must be >= 0

	>>> print_square("spongebob")
	Traceback (most recent call last):
	...
	TypeError: size must be an integer

	>>> print_square(None)
	Traceback (most recent call last):
	...
	TypeError: size must be an integer

	>>> print_square(True)
	Traceback (most recent call last):
	...
	TypeError: size must be an integer


Testing other possible misuse
-----------------------------

	>>> print_square()
	Traceback (most recent call last):
	...
	TypeError: print_square() missing 1 required positional argument: 'size'

	>>> print_square(4, 4)
	Traceback (most recent call last):
	...
	TypeError: print_square() takes 1 positional argument but 2 were given
